<?xml version="1.0" encoding="UTF-8"?>
<!-- Generated by org.testng.reporters.JUnitReportReporter -->
<testsuite hostname="yinons-MacBook-Pro-2.local" failures="0" tests="1" name="TestsObjects.CreateCircleTest" time="0.501" errors="0" timestamp="2021-08-08T13:18:01 IDT" skipped="0">
  <testcase classname="TestsObjects.CreateCircleTest" name="CreateCircle" time="0.501"/>
  <system-out/>
</testsuite> <!-- TestsObjects.CreateCircleTest -->
