<?xml version="1.0" encoding="UTF-8"?>
<!-- Generated by org.testng.reporters.JUnitReportReporter -->
<testsuite hostname="yinons-MacBook-Pro-2.local" failures="0" tests="2" name="TestsObjects.DragPolygonTest" time="1.241" errors="0" timestamp="2021-08-08T13:18:01 IDT" skipped="0">
  <testcase classname="TestsObjects.DragPolygonTest" name="CreateCircle" time="0.728"/>
  <system-out/>
  <testcase classname="TestsObjects.DragPolygonTest" name="DragAndDropPolygon" time="0.513"/>
  <system-out/>
</testsuite> <!-- TestsObjects.DragPolygonTest -->
