<?xml version="1.0" encoding="UTF-8"?>
<!-- Generated by org.testng.reporters.JUnitReportReporter -->
<testsuite hostname="yinons-MacBook-Pro-2.local" failures="0" tests="2" name="TestsObjects.EditPolyLineTest" time="1.119" errors="0" timestamp="2021-08-08T13:18:01 IDT" skipped="0">
  <testcase classname="TestsObjects.EditPolyLineTest" name="CreatePolyLine" time="0.442"/>
  <system-out/>
  <testcase classname="TestsObjects.EditPolyLineTest" name="EditPolyLineCircle" time="0.677"/>
  <system-out/>
</testsuite> <!-- TestsObjects.EditPolyLineTest -->
