<?xml version="1.0" encoding="UTF-8"?>
<!-- Generated by org.testng.reporters.JUnitReportReporter -->
<testsuite hostname="yinons-MacBook-Pro-2.local" failures="0" tests="2" name="TestsObjects.DeleteCircleTest" time="0.541" errors="0" timestamp="2021-08-08T13:18:01 IDT" skipped="0">
  <testcase classname="TestsObjects.DeleteCircleTest" name="CreateCircle" time="0.392"/>
  <system-out/>
  <testcase classname="TestsObjects.DeleteCircleTest" name="DeleteCircle" time="0.149"/>
  <system-out/>
</testsuite> <!-- TestsObjects.DeleteCircleTest -->
